2025-09-14 18:10:00 | DEBUG | repo=a4m36jee-2014 | action=commit
2025-01-15 11:30:00 | WARN | repo=a4m36jee-2014 | action=test | passed=true
2025-05-21 09:01:00 | WARN | repo=a4m36jee-2014 | action=commit
2025-04-15 08:27:00 | INFO | repo=a4m36jee-2014 | action=commit
2025-04-06 10:10:00 | WARN | repo=a4m36jee-2014 | action=commit
2025-11-05 21:00:00 | DEBUG | repo=a4m36jee-2014 | action=commit
2025-11-03 08:46:00 | DEBUG | repo=a4m36jee-2014 | action=commit
2025-08-28 09:29:00 | DEBUG | repo=a4m36jee-2014 | action=pull
2025-07-02 18:16:00 | WARN | repo=a4m36jee-2014 | action=commit
2025-09-26 21:48:00 | INFO | repo=a4m36jee-2014 | action=commit
2025-01-13 19:31:00 | WARN | repo=a4m36jee-2014 | action=commit
2025-09-18 17:15:00 | DEBUG | repo=a4m36jee-2014 | action=commit
2025-02-20 14:39:00 | DEBUG | repo=a4m36jee-2014 | action=test | passed=true
2025-08-14 18:57:00 | INFO | repo=a4m36jee-2014 | action=commit
2025-03-08 08:24:00 | WARN | repo=a4m36jee-2014 | action=commit
2025-02-25 07:23:00 | WARN | repo=a4m36jee-2014 | action=test | passed=true
2025-08-20 14:34:00 | INFO | repo=a4m36jee-2014 | action=commit
2025-03-26 21:45:00 | DEBUG | repo=a4m36jee-2014 | action=commit
2025-06-25 18:02:00 | INFO | repo=a4m36jee-2014 | action=commit
2025-03-27 20:24:00 | WARN | repo=a4m36jee-2014 | action=commit
2025-03-10 11:26:00 | WARN | repo=a4m36jee-2014 | action=commit
2025-05-24 19:32:00 | WARN | repo=a4m36jee-2014 | action=commit
2025-03-16 21:48:00 | INFO | repo=a4m36jee-2014 | action=commit
2025-09-23 20:46:00 | DEBUG | repo=a4m36jee-2014 | action=edit | files=1
2025-11-05 08:06:00 | DEBUG | repo=a4m36jee-2014 | action=commit
2025-10-13 17:38:00 | INFO | repo=a4m36jee-2014 | action=edit | files=5
2025-10-14 13:31:00 | DEBUG | repo=a4m36jee-2014 | action=commit
2025-01-25 20:11:00 | DEBUG | repo=a4m36jee-2014 | action=commit
2025-06-18 10:25:00 | WARN | repo=a4m36jee-2014 | action=commit
2025-10-19 08:23:00 | WARN | repo=a4m36jee-2014 | action=commit
2025-05-12 08:15:00 | INFO | repo=a4m36jee-2014 | action=commit
2025-11-04 10:41:00 | DEBUG | repo=a4m36jee-2014 | action=test | passed=true
2025-03-06 17:18:00 | INFO | repo=a4m36jee-2014 | action=edit | files=2
2025-12-20 17:17:00 | WARN | repo=a4m36jee-2014 | action=commit
2025-10-12 07:19:00 | WARN | repo=a4m36jee-2014 | action=commit
2025-12-23 07:38:00 | INFO | repo=a4m36jee-2014 | action=commit
2025-07-13 07:14:00 | DEBUG | repo=a4m36jee-2014 | action=commit
2025-03-11 13:05:00 | WARN | repo=a4m36jee-2014 | action=test | passed=true
2025-05-11 19:29:00 | WARN | repo=a4m36jee-2014 | action=edit | files=1
2025-09-01 20:26:00 | INFO | repo=a4m36jee-2014 | action=commit
2025-12-08 10:04:00 | DEBUG | repo=a4m36jee-2014 | action=commit
2025-03-26 18:35:00 | INFO | repo=a4m36jee-2014 | action=commit
2025-09-14 13:06:00 | WARN | repo=a4m36jee-2014 | action=commit
2025-03-04 08:50:00 | INFO | repo=a4m36jee-2014 | action=pull
2025-08-07 19:54:00 | INFO | repo=a4m36jee-2014 | action=commit
2025-06-12 11:33:00 | WARN | repo=a4m36jee-2014 | action=commit
2025-03-13 13:17:00 | INFO | repo=a4m36jee-2014 | action=commit
2025-12-09 08:32:00 | INFO | repo=a4m36jee-2014 | action=pull
2025-11-02 07:54:00 | WARN | repo=a4m36jee-2014 | action=commit
2025-07-08 08:15:00 | WARN | repo=a4m36jee-2014 | action=pull
2025-05-14 15:03:00 | DEBUG | repo=a4m36jee-2014 | action=commit
2025-09-26 20:35:00 | WARN | repo=a4m36jee-2014 | action=commit
2025-07-19 09:39:00 | DEBUG | repo=a4m36jee-2014 | action=commit
2025-09-26 08:55:00 | DEBUG | repo=a4m36jee-2014 | action=commit
2025-09-18 14:41:00 | INFO | repo=a4m36jee-2014 | action=commit
2025-02-22 08:47:00 | WARN | repo=a4m36jee-2014 | action=commit
2025-10-26 12:58:00 | DEBUG | repo=a4m36jee-2014 | action=commit
2025-01-28 14:58:00 | INFO | repo=a4m36jee-2014 | action=commit
2025-02-10 07:09:00 | DEBUG | repo=a4m36jee-2014 | action=commit
2025-03-13 17:12:00 | INFO | repo=a4m36jee-2014 | action=commit
2025-09-05 10:17:00 | DEBUG | repo=a4m36jee-2014 | action=pull
2025-01-20 17:39:00 | WARN | repo=a4m36jee-2014 | action=commit
2025-12-16 15:36:00 | INFO | repo=a4m36jee-2014 | action=commit
2025-09-14 13:11:00 | DEBUG | repo=a4m36jee-2014 | action=commit
2025-10-19 11:25:00 | INFO | repo=a4m36jee-2014 | action=commit
2025-05-23 08:20:00 | DEBUG | repo=a4m36jee-2014 | action=commit
2025-02-27 12:13:00 | INFO | repo=a4m36jee-2014 | action=commit
2025-11-07 16:54:00 | DEBUG | repo=a4m36jee-2014 | action=commit
2025-06-08 17:32:00 | DEBUG | repo=a4m36jee-2014 | action=commit
2025-03-24 07:00:00 | INFO | repo=a4m36jee-2014 | action=commit
2025-10-22 09:01:00 | DEBUG | repo=a4m36jee-2014 | action=pull
2025-12-09 12:58:00 | WARN | repo=a4m36jee-2014 | action=test | passed=true
2025-03-26 11:28:00 | INFO | repo=a4m36jee-2014 | action=commit
2025-10-02 15:33:00 | WARN | repo=a4m36jee-2014 | action=commit
2025-08-19 09:32:00 | DEBUG | repo=a4m36jee-2014 | action=commit
2025-03-23 11:14:00 | WARN | repo=a4m36jee-2014 | action=commit
2025-05-14 07:26:00 | DEBUG | repo=a4m36jee-2014 | action=commit
2025-09-07 10:31:00 | WARN | repo=a4m36jee-2014 | action=commit
2025-04-27 13:17:00 | DEBUG | repo=a4m36jee-2014 | action=commit
2025-01-09 20:33:00 | INFO | repo=a4m36jee-2014 | action=commit
2025-08-05 11:16:00 | INFO | repo=a4m36jee-2014 | action=commit
2025-02-15 18:40:00 | WARN | repo=a4m36jee-2014 | action=test | passed=true
2025-10-26 10:08:00 | DEBUG | repo=a4m36jee-2014 | action=commit
2025-04-25 21:48:00 | WARN | repo=a4m36jee-2014 | action=commit
2025-04-04 15:38:00 | DEBUG | repo=a4m36jee-2014 | action=commit
2025-10-19 11:08:00 | DEBUG | repo=a4m36jee-2014 | action=commit
2025-12-22 07:47:00 | INFO | repo=a4m36jee-2014 | action=commit
2025-07-07 07:29:00 | WARN | repo=a4m36jee-2014 | action=pull
2025-06-02 15:22:00 | INFO | repo=a4m36jee-2014 | action=commit
2025-05-14 08:20:00 | WARN | repo=a4m36jee-2014 | action=commit
2025-06-13 16:48:00 | WARN | repo=a4m36jee-2014 | action=commit
